<?xml version="1.0" encoding="UTF-8"?>
<!-- Generated by org.testng.reporters.JUnitXMLReporter -->
<testsuite ignored="0" hostname="Mahantesh" failures="0" tests="1" name="Test" time="11.409" errors="0" timestamp="2022-09-16T19:56:06 IST">
  <testcase classname="com.guru99bank.utility.BaseClass" name="@BeforeClass setup" time="11.374">
    <failure type="java.lang.NullPointerException" message="Cannot invoke &amp;quot;com.aventstack.extentreports.ExtentTest.info(String)&amp;quot; because &amp;quot;this.logger&amp;quot; is null">
      <![CDATA[java.lang.NullPointerException: Cannot invoke "com.aventstack.extentreports.ExtentTest.info(String)" because "this.logger" is null
at com.guru99bank.utility.BaseClass.setup(BaseClass.java:55)
at java.base/java.util.ArrayList.forEach(ArrayList.java:1511)
... Removed 23 stack frames]]>
    </failure>
  </testcase> <!-- @BeforeClass setup -->
  <testcase classname="com.guru99bank.utility.BaseClass" name="@AfterMethod tearDownMethod" time="-1.663338366795E9">
    <skipped/>
  </testcase> <!-- @AfterMethod tearDownMethod -->
  <testcase classname="com.guru99bank.utility.BaseClass" name="@AfterClass tearDown" time="-1.663338366798E9">
    <skipped/>
  </testcase> <!-- @AfterClass tearDown -->
  <testcase classname="com.guru99bank.testcases.TC_002_NewCust" name="addNewCust" time="0.0">
    <skipped/>
  </testcase> <!-- addNewCust -->
</testsuite> <!-- Test -->
