<?xml version="1.0" encoding="UTF-8"?>
<!-- Generated by org.testng.reporters.JUnitXMLReporter -->
<testsuite ignored="0" hostname="Mahantesh" failures="0" tests="1" name="Guru99Bnak" time="0.08" errors="0" timestamp="2022-09-14T23:12:56 IST">
  <testcase classname="com.guru99bank.utility.BrowserFactory" name="@BeforeClass BrowserSerUp" time="0.013">
    <failure type="java.lang.NullPointerException" message="Cannot invoke &amp;quot;org.openqa.selenium.WebDriver.get(String)&amp;quot; because &amp;quot;com.guru99bank.utility.BrowserFactory.driver&amp;quot; is null">
      <![CDATA[java.lang.NullPointerException: Cannot invoke "org.openqa.selenium.WebDriver.get(String)" because "com.guru99bank.utility.BrowserFactory.driver" is null
at com.guru99bank.utility.BrowserFactory.BrowserSerUp(BrowserFactory.java:25)
at java.base/java.util.ArrayList.forEach(ArrayList.java:1511)
... Removed 23 stack frames]]>
    </failure>
  </testcase> <!-- @BeforeClass BrowserSerUp -->
  <testcase classname="com.guru99bank.utility.BrowserFactory" name="@AfterClass tearDown" time="-1.663177376652E9">
    <skipped/>
  </testcase> <!-- @AfterClass tearDown -->
  <testcase classname="com.guru99bank.testcases.TC_001_LoginPageGuru" name="LoginPage" time="0.0">
    <skipped/>
  </testcase> <!-- LoginPage -->
</testsuite> <!-- Guru99Bnak -->
