<?xml version="1.0" encoding="UTF-8"?>
<testng-results ignored="0" total="1" passed="1" failed="0" skipped="0">
  <reporter-output>
    <line>
      <![CDATA[Setting Up Started and test is getting ready]]>
    </line>
    <line>
      <![CDATA[Setting done Test Started]]>
    </line>
    <line>
      <![CDATA[Browser setting started]]>
    </line>
    <line>
      <![CDATA[Browser setting Completed]]>
    </line>
  </reporter-output>
  <suite started-at="2022-09-20T20:41:24 IST" name="Default suite" finished-at="2022-09-20T20:43:31 IST" duration-ms="126983">
    <groups>
    </groups>
    <test started-at="2022-09-20T20:41:24 IST" name="Default test" finished-at="2022-09-20T20:43:31 IST" duration-ms="126983">
      <class name="com.guru99bank.testcases.TC_003_NewAccount">
        <test-method is-config="true" signature="setUpSuite()[pri:0, instance:com.guru99bank.testcases.TC_003_NewAccount@16d04d3d]" started-at="2022-09-20T20:41:23 IST" name="setUpSuite" finished-at="2022-09-20T20:41:24 IST" duration-ms="173" status="PASS">
          <reporter-output>
            <line>
              <![CDATA[Setting Up Started and test is getting ready]]>
            </line>
            <line>
              <![CDATA[Setting done Test Started]]>
            </line>
          </reporter-output>
        </test-method> <!-- setUpSuite -->
        <test-method is-config="true" signature="setup()[pri:0, instance:com.guru99bank.testcases.TC_003_NewAccount@16d04d3d]" started-at="2022-09-20T20:41:24 IST" name="setup" finished-at="2022-09-20T20:41:26 IST" duration-ms="2046" status="PASS">
          <reporter-output>
            <line>
              <![CDATA[Browser setting started]]>
            </line>
            <line>
              <![CDATA[Browser setting Completed]]>
            </line>
          </reporter-output>
        </test-method> <!-- setup -->
        <test-method signature="AddNewAccount()[pri:0, instance:com.guru99bank.testcases.TC_003_NewAccount@16d04d3d]" started-at="2022-09-20T20:41:26 IST" name="AddNewAccount" finished-at="2022-09-20T20:43:30 IST" duration-ms="124209" status="PASS">
          <reporter-output>
          </reporter-output>
        </test-method> <!-- AddNewAccount -->
        <test-method is-config="true" signature="tearDownMethod(org.testng.ITestResult)[pri:0, instance:com.guru99bank.testcases.TC_003_NewAccount@16d04d3d]" started-at="2022-09-20T20:43:30 IST" name="tearDownMethod" finished-at="2022-09-20T20:43:30 IST" duration-ms="454" status="PASS">
          <params>
            <param index="0">
              <value>
                <![CDATA[[TestResult name=AddNewAccount status=SUCCESS method=TC_003_NewAccount.AddNewAccount()[pri:0, instance:com.guru99bank.testcases.TC_003_NewAccount@16d04d3d] output={null}]]]>
              </value>
            </param>
          </params>
          <reporter-output>
          </reporter-output>
        </test-method> <!-- tearDownMethod -->
        <test-method is-config="true" signature="tearDown()[pri:0, instance:com.guru99bank.testcases.TC_003_NewAccount@16d04d3d]" started-at="2022-09-20T20:43:30 IST" name="tearDown" finished-at="2022-09-20T20:43:31 IST" duration-ms="242" status="PASS">
          <reporter-output>
          </reporter-output>
        </test-method> <!-- tearDown -->
      </class> <!-- com.guru99bank.testcases.TC_003_NewAccount -->
    </test> <!-- Default test -->
  </suite> <!-- Default suite -->
</testng-results>
