<?xml version="1.0" encoding="UTF-8"?>
<testng-results ignored="0" total="1" passed="1" failed="0" skipped="0">
  <reporter-output>
    <line>
      <![CDATA[Setting Up Started and test is getting ready]]>
    </line>
    <line>
      <![CDATA[Setting done Test Started]]>
    </line>
    <line>
      <![CDATA[Browser setting started]]>
    </line>
    <line>
      <![CDATA[Browser setting Completed]]>
    </line>
  </reporter-output>
  <suite started-at="2022-09-17T15:44:35 IST" name="Default suite" finished-at="2022-09-17T15:44:52 IST" duration-ms="16867">
    <groups>
    </groups>
    <test started-at="2022-09-17T15:44:35 IST" name="Default test" finished-at="2022-09-17T15:44:52 IST" duration-ms="16867">
      <class name="com.guru99bank.testcases.TC_001_LoginPage">
        <test-method is-config="true" signature="setUpSuite()[pri:0, instance:com.guru99bank.testcases.TC_001_LoginPage@10e31a9a]" started-at="2022-09-17T15:44:35 IST" name="setUpSuite" finished-at="2022-09-17T15:44:35 IST" duration-ms="137" status="PASS">
          <reporter-output>
            <line>
              <![CDATA[Setting Up Started and test is getting ready]]>
            </line>
            <line>
              <![CDATA[Setting done Test Started]]>
            </line>
          </reporter-output>
        </test-method> <!-- setUpSuite -->
        <test-method is-config="true" signature="setup()[pri:0, instance:com.guru99bank.testcases.TC_001_LoginPage@10e31a9a]" started-at="2022-09-17T15:44:35 IST" name="setup" finished-at="2022-09-17T15:44:38 IST" duration-ms="2836" status="PASS">
          <reporter-output>
            <line>
              <![CDATA[Browser setting started]]>
            </line>
            <line>
              <![CDATA[Browser setting Completed]]>
            </line>
          </reporter-output>
        </test-method> <!-- setup -->
        <test-method signature="LoginTest()[pri:0, instance:com.guru99bank.testcases.TC_001_LoginPage@10e31a9a]" started-at="2022-09-17T15:44:38 IST" name="LoginTest" finished-at="2022-09-17T15:44:51 IST" duration-ms="13273" status="PASS">
          <reporter-output>
          </reporter-output>
        </test-method> <!-- LoginTest -->
        <test-method is-config="true" signature="tearDownMethod(org.testng.ITestResult)[pri:0, instance:com.guru99bank.testcases.TC_001_LoginPage@10e31a9a]" started-at="2022-09-17T15:44:51 IST" name="tearDownMethod" finished-at="2022-09-17T15:44:52 IST" duration-ms="413" status="PASS">
          <params>
            <param index="0">
              <value>
                <![CDATA[[TestResult name=LoginTest status=SUCCESS method=TC_001_LoginPage.LoginTest()[pri:0, instance:com.guru99bank.testcases.TC_001_LoginPage@10e31a9a] output={null}]]]>
              </value>
            </param>
          </params>
          <reporter-output>
          </reporter-output>
        </test-method> <!-- tearDownMethod -->
        <test-method is-config="true" signature="tearDown()[pri:0, instance:com.guru99bank.testcases.TC_001_LoginPage@10e31a9a]" started-at="2022-09-17T15:44:52 IST" name="tearDown" finished-at="2022-09-17T15:44:52 IST" duration-ms="304" status="PASS">
          <reporter-output>
          </reporter-output>
        </test-method> <!-- tearDown -->
      </class> <!-- com.guru99bank.testcases.TC_001_LoginPage -->
    </test> <!-- Default test -->
  </suite> <!-- Default suite -->
</testng-results>
